;  LST file generated by mikroListExporter - v.2.0 
; Date/Time: 5/15/2023 1:17:47 PM
;----------------------------------------------

;Address Opcode 	ASM
0x0000	0x2803      	GOTO       3
_main:
;lab2.c,1 :: 		void main() {
;lab2.c,2 :: 		TRISB = 0X00;
0x0003	0x1683      	BSF        STATUS, 5
0x0004	0x0186      	CLRF       TRISB
;lab2.c,3 :: 		while(1){
L_main0:
;lab2.c,4 :: 		unsigned char numbers[10]={0x3F,0x06,0x5B,0X4F,0X66,0X6D,0X7D,0X07,0XFF,0X6F};
0x0005	0x303F      	MOVLW      63
0x0006	0x008E      	MOVWF      main_numbers_L1
0x0007	0x3006      	MOVLW      6
0x0008	0x008F      	MOVWF      main_numbers_L1+1
0x0009	0x305B      	MOVLW      91
0x000A	0x0090      	MOVWF      main_numbers_L1+2
0x000B	0x304F      	MOVLW      79
0x000C	0x0091      	MOVWF      main_numbers_L1+3
0x000D	0x3066      	MOVLW      102
0x000E	0x0092      	MOVWF      main_numbers_L1+4
0x000F	0x306D      	MOVLW      109
0x0010	0x0093      	MOVWF      main_numbers_L1+5
0x0011	0x307D      	MOVLW      125
0x0012	0x0094      	MOVWF      main_numbers_L1+6
0x0013	0x3007      	MOVLW      7
0x0014	0x0095      	MOVWF      main_numbers_L1+7
0x0015	0x30FF      	MOVLW      255
0x0016	0x0096      	MOVWF      main_numbers_L1+8
0x0017	0x306F      	MOVLW      111
0x0018	0x0097      	MOVWF      main_numbers_L1+9
0x0019	0x0198      	CLRF       main_i_L1
0x001A	0x0199      	CLRF       main_i_L1+1
;lab2.c,6 :: 		while(i<10){
L_main2:
0x001B	0x3080      	MOVLW      128
0x001C	0x0619      	XORWF      main_i_L1+1, 0
0x001D	0x00C0      	MOVWF      R0
0x001E	0x3080      	MOVLW      128
0x001F	0x0240      	SUBWF      R0, 0
0x0020	0x1D03      	BTFSS      STATUS, 2
0x0021	0x2824      	GOTO       L__main6
0x0022	0x300A      	MOVLW      10
0x0023	0x0218      	SUBWF      main_i_L1, 0
L__main6:
0x0024	0x1803      	BTFSC      STATUS, 0
0x0025	0x283E      	GOTO       L_main3
;lab2.c,7 :: 		PORTB=numbers[i];
0x0026	0x0818      	MOVF       main_i_L1, 0
0x0027	0x3E0E      	ADDLW      main_numbers_L1
0x0028	0x0084      	MOVWF      FSR
0x0029	0x0800      	MOVF       INDF, 0
0x002A	0x1283      	BCF        STATUS, 5
0x002B	0x0086      	MOVWF      PORTB
;lab2.c,8 :: 		delay_ms(1000);
0x002C	0x3002      	MOVLW      2
0x002D	0x00CB      	MOVWF      R11
0x002E	0x3045      	MOVLW      69
0x002F	0x00CC      	MOVWF      R12
0x0030	0x30A9      	MOVLW      169
0x0031	0x00CD      	MOVWF      R13
L_main4:
0x0032	0x0BCD      	DECFSZ     R13, 1
0x0033	0x2832      	GOTO       L_main4
0x0034	0x0BCC      	DECFSZ     R12, 1
0x0035	0x2832      	GOTO       L_main4
0x0036	0x0BCB      	DECFSZ     R11, 1
0x0037	0x2832      	GOTO       L_main4
0x0038	0x0000      	NOP
0x0039	0x0000      	NOP
;lab2.c,9 :: 		i++;
0x003A	0x0A98      	INCF       main_i_L1, 1
0x003B	0x1903      	BTFSC      STATUS, 2
0x003C	0x0A99      	INCF       main_i_L1+1, 1
;lab2.c,10 :: 		}
0x003D	0x281B      	GOTO       L_main2
L_main3:
;lab2.c,11 :: 		}
0x003E	0x2805      	GOTO       L_main0
;lab2.c,12 :: 		}
L_end_main:
0x003F	0x283F      	GOTO       $+0
; end of _main
Symbol List:
//** Routines locations **
//ADDRESS    SIZE    PROCEDURE
//----------------------------------------------
0x0003      [61]    _main
//** Variables locations ** 
//ADDRESS    SIZE    VARIABLE
//----------------------------------------------
0x0000       [1]    INDF
0x0003       [1]    STATUS
0x0004       [1]    FSR
0x0006       [1]    PORTB
0x000A       [1]    PCLATH
0x000C       [2]    ___DoICPAddr
0x000E      [10]    main_numbers_L1
0x0018       [2]    main_i_L1
0x0040       [1]    R0
0x0041       [1]    R1
0x0042       [1]    R2
0x0043       [1]    R3
0x0044       [1]    R4
0x0045       [1]    R5
0x0046       [1]    R6
0x0047       [1]    R7
0x0048       [1]    R8
0x0049       [1]    R9
0x004A       [1]    R10
0x004B       [1]    R11
0x004C       [1]    R12
0x004D       [1]    R13
0x004E       [1]    R14
0x004F       [1]    R15
0x0086       [1]    TRISB
