0	1	mikroCPIC1618.exe -MSF -DBG -pP16F877A -DL -O11111114 -fo4 -N"C:\Users\djeut\OneDrive\Desktop\Antana\LA3Project.mcppi" -SP"C:\Users\Public\Documents\Mikroelektronika\mikroC PRO for PIC\Defs\" -SP"C:\Users\Public\Documents\Mikroelektronika\mikroC PRO for PIC\Uses\P16\" -SP"C:\Users\djeut\OneDrive\Desktop\Antana\" -SP"C:\Users\djeut\OneDrive\Desktop\Antana\Micro\LAB3\" -IP"C:\Users\Public\Documents\Mikroelektronika\mikroC PRO for PIC\Uses\P16\" "LA3Project.c" "lab3part2.c" "__Lib_Math.mcl" "__Lib_MathDouble.mcl" "__Lib_System.mcl" "__Lib_Delays.mcl" "__Lib_CType.mcl" "__Lib_CString.mcl" "__Lib_CStdlib.mcl" "__Lib_CMath.mcl" "__Lib_MemManager.mcl" "__Lib_Conversions.mcl" "__Lib_Sprinti.mcl" "__Lib_Sprintl.mcl" "__Lib_Time.mcl" "__Lib_Trigonometry.mcl" "__Lib_Button.mcl" "__Lib_Keypad4x4.mcl" "__Lib_Manchester.mcl" "__Lib_OneWire.mcl" "__Lib_PS2.mcl" "__Lib_Sound.mcl" "__Lib_SoftI2C.mcl" "__Lib_SoftSPI.mcl" "__Lib_SoftUART.mcl" "__Lib_ADC_A_C.mcl" "__Lib_EEPROM.mcl" "__Lib_FLASH_RW.mcl" "__Lib_I2C_c34.mcl" "__Lib_PWM_c21.mcl" "__Lib_SPI_c345.mcl" "__Lib_UART_c67.mcl" "__Lib_PortExpander.mcl" "__Lib_CANSPI.mcl" "__Lib_CF.mcl" "__Lib_GlcdFonts.mcl" "__Lib_Glcd.mcl" "__Lib_LcdConsts.mcl" "__Lib_Lcd.mcl" "__Lib_RS485.mcl" "__Lib_S1D13700.mcl" "__Lib_T6963C.mcl" "__Lib_SPIGlcd.mcl" "__Lib_SPILcd.mcl" "__Lib_SPILcd8.mcl" "__Lib_SPIT6963C.mcl" "__Lib_EthEnc28j60.mcl" "__Lib_EthEnc24j600.mcl" "__Lib_TouchPanel.mcl"	 
hint: 0	1139	Available RAM: 352 [bytes], Available ROM: 8192 [bytes]	 
diagnostics: 0	122	Compilation Started	LA3Project.c
hint: 27	1163	Variable 'line1' has been declared, but not used	LA3Project.c
hint: 27	1163	Variable 'line2' has been declared, but not used	LA3Project.c
diagnostics: 43	123	Compiled Successfully	LA3Project.c
diagnostics: 0	122	Compilation Started	lab3part2.c
diagnostics: 41	123	Compiled Successfully	lab3part2.c
diagnostics: 0	127	All files Compiled in 188 ms	 
error: 2	355	Redefinition of 'LCD_RS [lab3part2.c] '. 'LCD_RS' already defined in 'LA3Project.c'	lab3part2.c
error: 3	355	Redefinition of 'LCD_EN [lab3part2.c] '. 'LCD_EN' already defined in 'LA3Project.c'	lab3part2.c
error: 4	355	Redefinition of 'LCD_D4 [lab3part2.c] '. 'LCD_D4' already defined in 'LA3Project.c'	lab3part2.c
error: 5	355	Redefinition of 'LCD_D5 [lab3part2.c] '. 'LCD_D5' already defined in 'LA3Project.c'	lab3part2.c
error: 6	355	Redefinition of 'LCD_D6 [lab3part2.c] '. 'LCD_D6' already defined in 'LA3Project.c'	lab3part2.c
error: 7	355	Redefinition of 'LCD_D7 [lab3part2.c] '. 'LCD_D7' already defined in 'LA3Project.c'	lab3part2.c
error: 9	355	Redefinition of 'LCD_RS_Direction [lab3part2.c] '. 'LCD_RS_Direction' already defined in 'LA3Project.c'	lab3part2.c
error: 10	355	Redefinition of 'LCD_EN_Direction [lab3part2.c] '. 'LCD_EN_Direction' already defined in 'LA3Project.c'	lab3part2.c
error: 11	355	Redefinition of 'LCD_D4_Direction [lab3part2.c] '. 'LCD_D4_Direction' already defined in 'LA3Project.c'	lab3part2.c
error: 12	355	Redefinition of 'LCD_D5_Direction [lab3part2.c] '. 'LCD_D5_Direction' already defined in 'LA3Project.c'	lab3part2.c
error: 13	355	Redefinition of 'LCD_D6_Direction [lab3part2.c] '. 'LCD_D6_Direction' already defined in 'LA3Project.c'	lab3part2.c
error: 14	355	Redefinition of 'LCD_D7_Direction [lab3part2.c] '. 'LCD_D7_Direction' already defined in 'LA3Project.c'	lab3part2.c
error: 19	355	Redefinition of 'main [lab3part2.c] '. 'main' already defined in 'LA3Project.c'	lab3part2.c
error: 0	102	Finished (with errors): 31 May 2023, 15:10:02	LA3Project.mcppi
